KeyC
KeyQ
KeyC
KeyQ


KeyD
KeyC
KeyF
KeyG
KeyB
KeyH
KeyN
KeyH
KeyY


KeyD
KeyK
KeyF
KeyJ
KeyF
KeyR
KeyH
KeyD
KeyE
KeyJ
KeyH
KeyD
KeyE
KeyU
KeyH
KeyD
KeyE
KeyB
KeyC
KeyF
 
 
KeyF
KeyU
KeyH
KeyF
KeyV


KeyL
KeyO
KeyL
KeyO
KeyL
KeyO
KeyL
KeyO
KeyL
KeyO
KeyO
KeyL
KeyO
KeyL
KeyO
KeyP


ControlLeft
[*] Keylogger lancé

KEY_LEFTALT 
KEY_TAB 
KEY_LEFTALT KEY_TAB 
KEY_LEFTCTRL 
KEY_C 
KEY_LEFTCTRL KEY_C 
KEY_LEFTALT 
KEY_TAB 
KEY_TAB 
KEY_LEFTALT KEY_TAB KEY_TAB 
KEY_K 
KEY_Q 
KEY_L 
KEY_I 
KEY_ENTER 
KEY_K 
KEY_A 
KEY_L 
KEY_I 
KEY_ENTER 
KEY_K KEY_Q KEY_L KEY_I KEY_ENTER KEY_K KEY_A KEY_L KEY_I KEY_ENTER 
KEY_K 
KEY_A 
KEY_L 
KEY_I 
KEY_O 
KEY_ENTER 
KEY_K 
KEY_Q 
KEY_L 
KEY_I 
KEY_ENTER 
KEY_K KEY_A KEY_L KEY_I KEY_O KEY_ENTER KEY_K KEY_Q KEY_L KEY_I KEY_ENTER 
KEY_K 
KEY_A 
KEY_L 
KEY_I 
KEY_ENTER 
KEY_K KEY_A KEY_L KEY_I KEY_ENTER 
KEY_CAPSLOCK 
KEY_H 
KEY_CAPSLOCK 
KEY_O 
KEY_L 
KEY_H 
KEY_O 
KEY_L 
KEY_E 
KEY_ENTER 
KEY_CAPSLOCK KEY_H KEY_CAPSLOCK KEY_O KEY_L KEY_H KEY_O KEY_L KEY_E KEY_ENTER 
KEY_KPENTER 
KEY_KPENTER 
KEY_LEFTALT 
KEY_TAB 
KEY_LEFTALT 
KEY_TAB 
KEY_LEFTALT 
KEY_TAB 
KEY_LEFTALT KEY_TAB KEY_LEFTALT KEY_TAB KEY_LEFTALT KEY_TAB 
KEY_LEFTALT 
KEY_TAB 
KEY_LEFTSHIFT 
KEY_COMMA 
KEY_S 
KEY_T 
KEY_BACKSPACE 
KEY_BACKSPACE 
KEY_LEFTALT KEY_TAB KEY_LEFTSHIFT KEY_COMMA KEY_S KEY_T KEY_BACKSPACE KEY_BACKSPACE 
KEY_BACKSPACE 
KEY_LEFTSHIFT 
KEY_COMMA 
KEY_NUMLOCK 
KEY_KPSLASH 
KEY_S 
KEY_E 
KEY_T 
KEY_U 
KEY_P 
KEY_LEFTSHIFT 
KEY_BACKSPACE KEY_LEFTSHIFT KEY_COMMA KEY_NUMLOCK KEY_KPSLASH KEY_S KEY_E KEY_T KEY_U KEY_P KEY_LEFTSHIFT 
KEY_COMMA 
KEY_P 
KEY_Y 
KEY_ENTER 
KEY_P 
KEY_Y 
KEY_T 
KEY_O 
KEY_BACKSPACE 
KEY_H 
KEY_O 
KEY_N 
KEY_COMMA KEY_P KEY_Y KEY_ENTER KEY_P KEY_Y KEY_T KEY_O KEY_BACKSPACE KEY_H KEY_O KEY_N 
KEY_KP3 
KEY_SPACE 
KEY_S 
KEY_E 
KEY_T 
KEY_U 
KEY_P 
KEY_LEFTSHIFT 
KEY_COMMA 
KEY_P 
KEY_Y 
KEY_ENTER 
KEY_KP3 KEY_SPACE KEY_S KEY_E KEY_T KEY_U KEY_P KEY_LEFTSHIFT KEY_COMMA KEY_P KEY_Y KEY_ENTER 
KEY_L 
KEY_S 
KEY_ENTER 
KEY_L KEY_S KEY_ENTER 
KEY_UP 
KEY_DOWN 
KEY_S 
KEY_E 
KEY_T 
KEY_U 
KEY_P 
KEY_LEFTSHIFT 
KEY_COMMA 
KEY_P 
KEY_Y 
KEY_ENTER 
KEY_UP 
KEY_UP KEY_DOWN KEY_S KEY_E KEY_T KEY_U KEY_P KEY_LEFTSHIFT KEY_COMMA KEY_P KEY_Y KEY_ENTER KEY_UP 
KEY_UP 
KEY_DOWN 
KEY_UP 
KEY_UP 
KEY_ENTER 
KEY_UP KEY_DOWN KEY_UP KEY_UP KEY_ENTER 
KEY_C 
KEY_D 
KEY_SPACE 
KEY_C KEY_D KEY_SPACE 
KEY_H 
KEY_O 
KEY_L 
KEY_E 
KEY_TAB 
KEY_ENTER 
KEY_L 
KEY_S 
KEY_ENTER 
KEY_H KEY_O KEY_L KEY_E KEY_TAB KEY_ENTER KEY_L KEY_S KEY_ENTER 
KEY_LEFTALT 
KEY_TAB 
KEY_LEFTALT 
KEY_TAB 
KEY_LEFTALT KEY_TAB KEY_LEFTALT KEY_TAB 
KEY_P 
KEY_Y 
KEY_T 
KEY_O 
KEY_N 
KEY_BACKSPACE 
KEY_BACKSPACE 
KEY_H 
KEY_O 
KEY_N 
KEY_SPACE 
KEY_BACKSPACE 
KEY_KP3 
KEY_SPACE 
KEY_P KEY_Y KEY_T KEY_O KEY_N KEY_BACKSPACE KEY_BACKSPACE KEY_H KEY_O KEY_N KEY_SPACE KEY_BACKSPACE KEY_KP3 KEY_SPACE 
KEY_C 
KEY_O 
KEY_TAB 
KEY_ENTER 
KEY_C KEY_O KEY_TAB KEY_ENTER 
KEY_LEFTALT 
KEY_TAB 
KEY_LEFTALT 
KEY_TAB 
KEY_LEFTALT 
KEY_TAB 
KEY_TAB 
KEY_LEFTALT KEY_TAB KEY_LEFTALT KEY_TAB KEY_LEFTALT KEY_TAB KEY_TAB 
KEY_LEFTALT 
KEY_TAB 
KEY_LEFTALT KEY_TAB 
KEY_DELETE 
KEY_DELETE 
KEY_LEFTALT 
KEY_TAB 
KEY_LEFTALT KEY_TAB 
KEY_LEFTALT 
KEY_TAB 
KEY_LEFTALT KEY_TAB 
KEY_KPENTER 
KEY_KPENTER 
KEY_LEFTALT 
KEY_TAB 
KEY_LEFTALT KEY_TAB 
KEY_KPENTER 
KEY_KPENTER 
KEY_UP 
KEY_LEFT 
KEY_LEFT 
KEY_LEFT 
KEY_INSERT 
KEY_BACKSPACE 
KEY_BACKSPACE 
KEY_BACKSPACE 
KEY_BACKSPACE 
KEY_BACKSPACE 
KEY_SPACE 
KEY_ENTER 
KEY_UP 
KEY_UP KEY_LEFT KEY_LEFT KEY_LEFT KEY_INSERT KEY_BACKSPACE KEY_BACKSPACE KEY_BACKSPACE KEY_BACKSPACE KEY_BACKSPACE KEY_SPACE KEY_ENTER KEY_UP 
KEY_INSERT 
KEY_LEFT 
KEY_C 
KEY_BACKSPACE 
KEY_INSERT KEY_LEFT KEY_C KEY_BACKSPACE 
KEY_INSERT 
KEY_C 
KEY_C 
KEY_C 
KEY_LEFT 
KEY_C 
KEY_C 
KEY_C 
KEY_BACKSPACE 
KEY_INSERT KEY_C KEY_C KEY_C KEY_LEFT KEY_C KEY_C KEY_C KEY_BACKSPACE 
KEY_BACKSPACE 
KEY_BACKSPACE 
KEY_BACKSPACE 
KEY_RIGHT 
KEY_BACKSPACE 
KEY_W 
KEY_LEFTCTRL 
KEY_LEFT 
KEY_P 
KEY_ENTER 
KEY_BACKSPACE KEY_BACKSPACE KEY_BACKSPACE KEY_RIGHT KEY_BACKSPACE KEY_W KEY_LEFTCTRL KEY_LEFT KEY_P KEY_ENTER 
KEY_UP 
KEY_LEFTCTRL 
KEY_LEFT 
KEY_LEFT 
KEY_LEFT 
KEY_LEFT 
KEY_S 
KEY_U 
KEY_D 
KEY_O 
KEY_SPACE 
KEY_ENTER 
KEY_UP KEY_LEFTCTRL KEY_LEFT KEY_LEFT KEY_LEFT KEY_LEFT KEY_S KEY_U KEY_D KEY_O KEY_SPACE KEY_ENTER 
KEY_K 
KEY_Q 
KEY_L 
KEY_I 
KEY_ENTER 
KEY_K KEY_Q KEY_L KEY_I KEY_ENTER 
KEY_LEFTALT 
KEY_TAB 
KEY_KPENTER 
KEY_LEFTALT KEY_TAB KEY_KPENTER 
KEY_LEFT 
KEY_LEFT 
KEY_LEFT 
KEY_LEFT 
KEY_LEFT 
KEY_LEFT 
KEY_LEFT 
KEY_LEFTCTRL 
KEY_BACKSPACE 
KEY_LEFT KEY_LEFT KEY_LEFT KEY_LEFT KEY_LEFT KEY_LEFT KEY_LEFT KEY_LEFTCTRL KEY_BACKSPACE 
KEY_BACKSPACE 
KEY_BACKSPACE 
KEY_BACKSPACE 
KEY_BACKSPACE 
KEY_BACKSPACE 
KEY_BACKSPACE KEY_BACKSPACE KEY_BACKSPACE KEY_BACKSPACE KEY_BACKSPACE 
KEY_BACKSPACE 
KEY_DELETE 
KEY_BACKSPACE KEY_DELETE 
KEY_BACKSPACE 
KEY_DELETE 
KEY_DELETE 
KEY_DELETE 
KEY_DELETE 
KEY_DELETE 
KEY_DELETE 
KEY_BACKSPACE 
KEY_ENTER 
KEY_BACKSPACE KEY_DELETE KEY_DELETE KEY_DELETE KEY_DELETE KEY_DELETE KEY_DELETE KEY_BACKSPACE KEY_ENTER 
KEY_LEFTCTRL 
KEY_LEFTCTRL 
KEY_W 
KEY_LEFTCTRL KEY_LEFTCTRL KEY_W 
KEY_LEFTCTRL 
KEY_LEFTSHIFT 
KEY_W 
KEY_DELETE 
KEY_LEFTCTRL KEY_LEFTSHIFT KEY_W KEY_DELETE 
KEY_DELETE 
KEY_DELETE 
KEY_LEFTCTRL 
KEY_W 
KEY_LEFTCTRL 
KEY_W 
KEY_LEFTCTRL 
KEY_W 
KEY_W 
KEY_LEFTCTRL KEY_W KEY_LEFTCTRL KEY_W KEY_LEFTCTRL KEY_W KEY_W 
KEY_DELETE 
KEY_DELETE 
KEY_LEFTALT 
KEY_TAB 
KEY_LEFTALT 
KEY_TAB 
KEY_LEFTALT KEY_TAB KEY_LEFTALT KEY_TAB 
KEY_KPENTER 
KEY_KPENTER 
KEY_UP 
KEY_LEFT 
KEY_UP KEY_LEFT 
KEY_LEFT 
KEY_LEFT 
KEY_LEFT 
KEY_SEMICOLON 
KEY_Q 
KEY_I 
KEY_O 
KEY_BACKSPACE 
KEY_G 
KEY_R 
KEY_E 
KEY_T 
KEY_KPSLASH 
KEY_ENTER 
KEY_LEFT KEY_LEFT KEY_LEFT KEY_SEMICOLON KEY_Q KEY_I KEY_O KEY_BACKSPACE KEY_G KEY_R KEY_E KEY_T KEY_KPSLASH KEY_ENTER 
KEY_LEFTALT 
KEY_TAB 
KEY_LEFTALT 
KEY_TAB 
KEY_LEFTALT KEY_TAB KEY_LEFTALT KEY_TAB 
KEY_KPENTER 
KEY_KPENTER 
KEY_LEFTALT 
KEY_TAB 
KEY_LEFTALT KEY_TAB 
KEY_DELETE 
KEY_DELETE 
KEY_LEFTALT 
KEY_LEFTALT 
KEY_KPENTER 
KEY_KPENTER 
KEY_KPENTER 
KEY_KPENTER 
KEY_KPENTER 
KEY_KPENTER 
KEY_KPENTER 
KEY_KPENTER 
KEY_LEFTALT 
KEY_TAB 
KEY_LEFTALT 
KEY_TAB 
KEY_LEFTALT KEY_TAB KEY_LEFTALT KEY_TAB 
KEY_LEFTALT 
KEY_TAB 
KEY_LEFTALT 
KEY_TAB 
KEY_LEFTALT KEY_TAB KEY_LEFTALT KEY_TAB 
KEY_KPENTER 
KEY_KPENTER 
KEY_LEFTALT 
KEY_TAB 
KEY_C 
KEY_D 
KEY_BACKSPACE 
KEY_BACKSPACE 
KEY_DOT 
KEY_S 
KEY_BACKSPACE 
KEY_LEFTALT KEY_TAB KEY_C KEY_D KEY_BACKSPACE KEY_BACKSPACE KEY_DOT KEY_S KEY_BACKSPACE 
KEY_BACKSPACE 
KEY_L 
KEY_S 
KEY_ENTER 
KEY_C 
KEY_D 
KEY_BACKSPACE KEY_L KEY_S KEY_ENTER KEY_C KEY_D 
KEY_SPACE 
KEY_SEMICOLON 
KEY_Q 
KEY_I 
KEY_G 
KEY_R 
KEY_E 
KEY_TAB 
KEY_ENTER 
KEY_SPACE KEY_SEMICOLON KEY_Q KEY_I KEY_G KEY_R KEY_E KEY_TAB KEY_ENTER 
KEY_UP 
KEY_UP 
KEY_UP 
KEY_ENTER 
KEY_UP KEY_UP KEY_UP KEY_ENTER 
KEY_LEFTSHIFT 
KEY_LEFTSHIFT 
KEY_KPENTER 
KEY_KPENTER 
KEY_K 
KEY_Q 
KEY_L 
KEY_I 
KEY_ENTER 
KEY_K 
KEY_A 
KEY_L 
KEY_I 
KEY_ENTER 
KEY_K KEY_Q KEY_L KEY_I KEY_ENTER KEY_K KEY_A KEY_L KEY_I KEY_ENTER 
KEY_K 
KEY_A 
KEY_L 
KEY_I 
KEY_ENTER 
KEY_LEFTALT 
KEY_TAB 
KEY_K KEY_A KEY_L KEY_I KEY_ENTER KEY_LEFTALT KEY_TAB 
KEY_KPENTER 
KEY_KPENTER 
KEY_K 
KEY_A 
KEY_L 
KEY_I 
KEY_ENTER 
KEY_K KEY_A KEY_L KEY_I KEY_ENTER 
KEY_K 
KEY_A 
KEY_L 
KEY_I 
KEY_ENTER 
KEY_K KEY_A KEY_L KEY_I KEY_ENTER 
KEY_LEFTCTRL 
KEY_BACKSLASH 
KEY_ENTER 
KEY_ENTER 
KEY_LEFTCTRL 
KEY_C 
KEY_LEFTCTRL KEY_BACKSLASH KEY_ENTER KEY_ENTER KEY_LEFTCTRL KEY_C 
KEY_LEFTCTRL 
KEY_C 
KEY_DOWN 
KEY_DOWN 
KEY_RIGHT 
KEY_DOWN 
KEY_UP 
KEY_UP 
KEY_UP 
KEY_LEFTCTRL KEY_C KEY_DOWN KEY_DOWN KEY_RIGHT KEY_DOWN KEY_UP KEY_UP KEY_UP 
KEY_K 
KEY_A 
KEY_L 
KEY_I 
KEY_ENTER 
KEY_K KEY_A KEY_L KEY_I KEY_ENTER 
KEY_LEFTALT 
KEY_LEFTALT 
KEY_KPENTER 
KEY_KPENTER 
KEY_LEFTALT 
KEY_TAB 
KEY_TAB 
KEY_LEFTALT KEY_TAB KEY_TAB 
KEY_LEFTALT 
KEY_TAB 
KEY_LEFTALT 
KEY_TAB 
KEY_LEFTALT KEY_TAB KEY_LEFTALT KEY_TAB 
KEY_LEFTALT 
KEY_TAB 
KEY_LEFTCTRL 
KEY_LEFTALT KEY_TAB KEY_LEFTCTRL 
KEY_C 
KEY_UP 
KEY_ENTER 
KEY_K 
KEY_A 
KEY_L 
KEY_I 
KEY_ENTER 
KEY_LEFTCTRL 
KEY_C KEY_UP KEY_ENTER KEY_K KEY_A KEY_L KEY_I KEY_ENTER KEY_LEFTCTRL 
KEY_C 
KEY_LEFTCTRL 
KEY_UP 
KEY_UP 
KEY_UP 
KEY_DOWN 
KEY_ENTER 
KEY_C KEY_LEFTCTRL KEY_UP KEY_UP KEY_UP KEY_DOWN KEY_ENTER 
KEY_LEFTALT 
KEY_TAB 
KEY_LEFTALT KEY_TAB 
KEY_UP 
KEY_UP 
KEY_UP 
KEY_UP 
KEY_UP 
KEY_UP 
KEY_DOWN 
KEY_ENTER 
KEY_UP KEY_UP KEY_UP KEY_UP KEY_UP KEY_UP KEY_DOWN KEY_ENTER 
KEY_UP 
KEY_UP 
KEY_UP 
KEY_UP 
KEY_UP KEY_UP KEY_UP KEY_UP 
KEY_UP 
KEY_UP 
KEY_UP 
KEY_ENTER 
KEY_K 
KEY_A 
KEY_L 
KEY_I 
KEY_ENTER 
KEY_UP KEY_UP KEY_UP KEY_ENTER KEY_K KEY_A KEY_L KEY_I KEY_ENTER 
KEY_K 
KEY_A 
KEY_L 
KEY_I 
KEY_ENTER 
KEY_K KEY_A KEY_L KEY_I KEY_ENTER 
KEY_K 
KEY_Q 
KEY_L 
KEY_I 
KEY_ENTER 
KEY_DOWN 
KEY_DOWN 
KEY_DOWN 
KEY_DOWN 
KEY_ENTER 
KEY_K KEY_Q KEY_L KEY_I KEY_ENTER KEY_DOWN KEY_DOWN KEY_DOWN KEY_DOWN KEY_ENTER 
KEY_D 
KEY_F 
KEY_S 
KEY_BACKSPACE 
KEY_BACKSPACE 
KEY_BACKSPACE 
KEY_D KEY_F KEY_S KEY_BACKSPACE KEY_BACKSPACE KEY_BACKSPACE 
KEY_LEFTALT 
KEY_TAB 
KEY_LEFTALT 
KEY_TAB 
KEY_LEFTALT KEY_TAB KEY_LEFTALT KEY_TAB 
KEY_KPENTER 
KEY_A
KEY_B
KEY_ENTER

KEY_KPENTER 
KEY_LEFTCTRL 
KEY_C 
KEY_LEFTCTRL KEY_C 
KEY_LEFTCTRL 
KEY_UP 
KEY_BACKSPACE 
KEY_BACKSPACE 
KEY_BACKSPACE 
KEY_BACKSPACE 
KEY_ENTER 
KEY_LEFTCTRL KEY_UP KEY_BACKSPACE KEY_BACKSPACE KEY_BACKSPACE KEY_BACKSPACE KEY_ENTER 
KEY_UP 
KEY_S 
KEY_T 
KEY_Q 
KEY_R 
KEY_T 
KEY_ENTER 
KEY_DOWN 
KEY_DOWN 
KEY_UP KEY_S KEY_T KEY_Q KEY_R KEY_T KEY_ENTER KEY_DOWN KEY_DOWN 
KEY_DOWN 
KEY_UP 
KEY_ENTER 
KEY_K 
KEY_A 
KEY_L 
KEY_I 
KEY_ENTER 
KEY_LEFTCTRL 
KEY_DOWN KEY_UP KEY_ENTER KEY_K KEY_A KEY_L KEY_I KEY_ENTER KEY_LEFTCTRL 
KEY_C 
KEY_UP 
KEY_ENTER 
KEY_DOWN 
KEY_DOWN 
KEY_ENTER 
KEY_K 
KEY_Q 
KEY_L 
KEY_I 
KEY_ENTER 
KEY_C KEY_UP KEY_ENTER KEY_DOWN KEY_DOWN KEY_ENTER KEY_K KEY_Q KEY_L KEY_I KEY_ENTER 
KEY_LEFTCTRL 
KEY_C 
KEY_LEFTCTRL KEY_C 
