[*] Keylogger lancé

KEY_D 
KEY_SEMICOLON 
KEY_S 
KEY_SEMICOLON 
KEY_C 
KEY_J 
KEY_P 
KEY_SPACE 
KEY_ENTER 
KEY_D KEY_SEMICOLON KEY_S KEY_SEMICOLON KEY_C KEY_J KEY_P KEY_SPACE KEY_ENTER 
[*] Keylogger lancé

[*] Touche détectée : KEY_S

[*] Touche détectée : KEY_Q

[*] Touche détectée : KEY_V

[*] Touche détectée : KEY_E

[*] Touche détectée : KEY_SEMICOLON

[*] Touche détectée : KEY_P

[*] Touche détectée : KEY_SPACE

[*] Touche détectée : KEY_ENTER

[*] Touche détectée : KEY_LEFTCTRL

[*] Touche détectée : KEY_C

[*] Touche détectée : KEY_LEFTCTRL

[*] Touche détectée : KEY_C

