[*] Touche détectée : KEY_Q

[*] Touche détectée : KEY_Q

[*] Touche détectée : KEY_Q

[*] Touche détectée : KEY_Q

[*] Touche détectée : KEY_Y

[*] Touche détectée : KEY_U

[*] Touche détectée : KEY_T

[*] Touche détectée : KEY_Z

[*] Touche détectée : KEY_LEFTALT

[*] Touche détectée : KEY_TAB

[*] Touche détectée : KEY_TAB

[*] Touche détectée : KEY_LEFTALT

[*] Touche détectée : KEY_TAB

[*] Touche détectée : KEY_LEFTALT

[*] Touche détectée : KEY_TAB

[KEY_LEFTALT]
	
[KEY_LEFTALT]
	
s
z
s
a
a
a
a
a
q
o
p
o
p
l
 
a
z
e
r
t
y
q
w
s
x
k
e
y
a
a
q
a
a
k
e
y


a
a
a
[KEY_LEFTCTRL]
[KEY_LEFTALT]
q
[KEY_UP]
[KEY_DOWN]
[KEY_RIGHT]
[KEY_KP1]
[KEY_KP2]
[KEY_KP5]
[KEY_KP6]
&
é
"
;
[KEY_KP1]
[KEY_KP2]
[KEY_KP3]
[KEY_KP0]
[KEY_LEFTCTRL]
c
[KEY_LEFTALT]
	
	
q
a
z
w
c
v
n
r
1
5
2
[KEY_LEFTCTRL]
c
[LAYOUT] AZERTY

a
z
e
r
t
y
q
w
.
,
;
]
\
'


[KEY_LEFTCTRL]
[KEY_RIGHTCTRL]


\
'
]
[BACKSPACE]
-
à
ç
è
[KEY_F8]
[KEY_F7]
[KEY_F5]
[KEY_F5]
[KEY_F6]
7
8
/
[KEY_NUMLOCK]
[KEY_NUMLOCK]
[KEY_CAPSLOCK]
[KEY_CAPSLOCK]
`
`
`
s
9
+


[KEY_LEFTCTRL]
c
